TN:
SF:components/AutoCompleteBox.tsx
FN:15,(anonymous_0)
FN:17,(anonymous_1)
FN:19,(anonymous_2)
FN:27,(anonymous_3)
FN:39,(anonymous_4)
FNF:5
FNH:3
FNDA:1,(anonymous_0)
FNDA:0,(anonymous_1)
FNDA:0,(anonymous_2)
FNDA:2,(anonymous_3)
FNDA:1,(anonymous_4)
DA:1,1
DA:2,1
DA:15,1
DA:16,1
DA:17,1
DA:18,0
DA:19,0
DA:20,0
DA:21,0
DA:27,2
DA:29,1
DA:40,1
DA:47,1
LF:13
LH:9
BRDA:18,0,0,0
BRDA:20,1,0,0
BRF:2
BRH:0
end_of_record
TN:
SF:components/BackBreadcrumb.tsx
FN:8,(anonymous_1)
FN:16,(anonymous_2)
FN:16,(anonymous_3)
FNF:3
FNH:1
FNDA:1,(anonymous_1)
FNDA:0,(anonymous_2)
FNDA:0,(anonymous_3)
DA:1,1
DA:3,1
DA:5,1
DA:6,1
DA:8,1
DA:9,1
DA:10,1
DA:16,0
DA:24,1
LF:9
LH:8
BRDA:16,0,0,1
BRDA:16,0,1,0
BRF:2
BRH:1
end_of_record
TN:
SF:components/EquineListGrid.tsx
FN:12,(anonymous_1)
FN:16,(anonymous_2)
FN:24,(anonymous_3)
FN:29,(anonymous_4)
FNF:4
FNH:3
FNDA:1,(anonymous_1)
FNDA:0,(anonymous_2)
FNDA:1,(anonymous_3)
FNDA:2,(anonymous_4)
DA:1,1
DA:3,1
DA:4,1
DA:5,1
DA:6,1
DA:7,1
DA:8,1
DA:9,1
DA:10,1
DA:12,1
DA:13,1
DA:14,1
DA:16,1
DA:17,0
DA:20,1
DA:25,1
DA:26,1
DA:27,1
DA:30,2
DA:80,1
LF:20
LH:19
BRDA:17,0,0,0
BRDA:17,0,1,0
BRDA:25,1,0,0
BRDA:26,2,0,0
BRDA:33,3,0,0
BRDA:33,3,1,2
BRDA:46,4,0,1
BRDA:46,4,1,1
BRDA:61,5,0,2
BRDA:61,5,1,0
BRF:10
BRH:4
end_of_record
TN:
SF:components/Footer.tsx
FN:4,(anonymous_1)
FNF:1
FNH:1
FNDA:1,(anonymous_1)
DA:1,1
DA:2,1
DA:4,1
DA:5,1
DA:12,1
LF:5
LH:5
BRF:0
BRH:0
end_of_record
TN:
SF:components/Header.tsx
FN:3,Header
FNF:1
FNH:1
FNDA:1,Header
DA:1,1
DA:3,1
DA:4,1
LF:3
LH:3
BRF:0
BRH:0
end_of_record
TN:
SF:components/HomeIcon.tsx
FN:6,(anonymous_1)
FNF:1
FNH:1
FNDA:2,(anonymous_1)
DA:1,2
DA:2,2
DA:3,2
DA:4,2
DA:6,2
DA:7,2
DA:16,2
LF:7
LH:7
BRF:0
BRH:0
end_of_record
TN:
SF:components/LoadingSpinner.tsx
FN:5,(anonymous_2)
FNF:1
FNH:1
FNDA:1,(anonymous_2)
DA:1,1
DA:2,1
DA:3,1
DA:5,1
DA:6,1
DA:13,1
LF:6
LH:6
BRF:0
BRH:0
end_of_record
TN:
SF:components/NavMenu.tsx
FN:20,(anonymous_2)
FN:35,(anonymous_3)
FN:40,(anonymous_4)
FN:70,(anonymous_5)
FN:79,(anonymous_6)
FNF:5
FNH:0
FNDA:0,(anonymous_2)
FNDA:0,(anonymous_3)
FNDA:0,(anonymous_4)
FNDA:0,(anonymous_5)
FNDA:0,(anonymous_6)
DA:1,1
DA:2,1
DA:3,1
DA:5,1
DA:6,1
DA:7,1
DA:8,1
DA:9,1
DA:10,1
DA:11,1
DA:12,1
DA:13,1
DA:14,1
DA:15,1
DA:16,1
DA:17,1
DA:18,1
DA:20,1
DA:35,1
DA:36,0
DA:37,0
DA:38,0
DA:40,0
DA:41,0
DA:42,0
DA:45,0
DA:70,0
DA:79,0
DA:105,1
LF:29
LH:20
BRDA:60,0,0,0
BRDA:60,0,1,0
BRDA:77,1,0,0
BRDA:77,1,1,0
BRDA:77,1,2,0
BRF:5
BRH:0
end_of_record
TN:
SF:components/Navbar.tsx
FN:14,ButtonAppBar
FN:17,(anonymous_1)
FN:21,(anonymous_2)
FN:27,(anonymous_3)
FN:58,(anonymous_4)
FN:5,(anonymous_7)
FN:5,(anonymous_8)
FNF:7
FNH:3
FNDA:1,ButtonAppBar
FNDA:0,(anonymous_1)
FNDA:0,(anonymous_2)
FNDA:0,(anonymous_3)
FNDA:0,(anonymous_4)
FNDA:1,(anonymous_7)
FNDA:1,(anonymous_8)
DA:1,1
DA:2,1
DA:3,1
DA:5,1
DA:6,1
DA:8,1
DA:9,1
DA:10,1
DA:11,1
DA:12,1
DA:14,1
DA:15,1
DA:17,1
DA:18,0
DA:21,1
DA:22,0
DA:25,1
DA:27,1
DA:28,0
DA:33,1
DA:58,0
LF:21
LH:17
BRDA:49,0,0,1
BRDA:49,0,1,0
BRF:2
BRH:1
end_of_record
TN:
SF:components/NavigationCard.tsx
FN:12,NavigationCard
FNF:1
FNH:1
FNDA:2,NavigationCard
DA:1,1
DA:2,1
DA:3,1
DA:4,1
DA:12,1
DA:17,2
LF:6
LH:6
BRDA:33,0,0,1
BRDA:33,0,1,1
BRF:2
BRH:2
end_of_record
TN:
SF:components/NavigationGrid.tsx
FN:3,(anonymous_0)
FNF:1
FNH:1
FNDA:1,(anonymous_0)
DA:1,1
DA:3,1
DA:4,1
DA:10,1
LF:4
LH:4
BRF:0
BRH:0
end_of_record
TN:
SF:components/PageTitle.tsx
FN:4,PageTitle
FNF:1
FNH:1
FNDA:1,PageTitle
DA:1,1
DA:2,1
DA:4,1
DA:5,1
LF:4
LH:4
BRF:0
BRH:0
end_of_record
TN:
SF:components/PaginationContainer.tsx
FN:5,(anonymous_2)
FN:17,(anonymous_3)
FN:23,(anonymous_4)
FNF:3
FNH:2
FNDA:4,(anonymous_2)
FNDA:0,(anonymous_3)
FNDA:42,(anonymous_4)
DA:1,2
DA:2,2
DA:3,2
DA:5,2
DA:12,4
DA:13,4
DA:14,4
DA:15,4
DA:17,4
DA:18,0
DA:21,4
DA:24,42
DA:43,2
LF:13
LH:12
BRDA:24,0,0,22
BRDA:24,1,0,42
BRDA:24,1,1,42
BRDA:28,2,0,2
BRDA:28,2,1,2
BRF:5
BRH:5
end_of_record
TN:
SF:components/RadioButtonsForm.tsx
FN:9,RadioButtonsForm
FN:17,(anonymous_1)
FNF:2
FNH:1
FNDA:1,RadioButtonsForm
FNDA:0,(anonymous_1)
DA:6,1
DA:7,1
DA:9,1
DA:10,1
DA:18,0
LF:5
LH:4
BRF:0
BRH:0
end_of_record
TN:
SF:components/ResponsiveButton.tsx
FN:4,(anonymous_1)
FNF:1
FNH:1
FNDA:1,(anonymous_1)
DA:1,1
DA:2,1
DA:4,1
DA:5,1
DA:6,1
DA:29,1
LF:6
LH:6
BRF:0
BRH:0
end_of_record
TN:
SF:utils/helpers.tsx
FN:3,(anonymous_0)
FN:11,(anonymous_1)
FN:18,(anonymous_2)
FN:29,(anonymous_3)
FN:34,(anonymous_4)
FN:41,(anonymous_5)
FN:47,(anonymous_6)
FN:52,(anonymous_7)
FN:58,(anonymous_8)
FN:60,(anonymous_9)
FN:69,(anonymous_10)
FN:70,(anonymous_11)
FN:73,(anonymous_12)
FN:78,(anonymous_13)
FNF:14
FNH:5
FNDA:3,(anonymous_0)
FNDA:4,(anonymous_1)
FNDA:2,(anonymous_2)
FNDA:2,(anonymous_3)
FNDA:6,(anonymous_4)
FNDA:0,(anonymous_5)
FNDA:0,(anonymous_6)
FNDA:0,(anonymous_7)
FNDA:0,(anonymous_8)
FNDA:0,(anonymous_9)
FNDA:0,(anonymous_10)
FNDA:0,(anonymous_11)
FNDA:0,(anonymous_12)
FNDA:0,(anonymous_13)
DA:3,1
DA:6,3
DA:7,0
DA:10,3
DA:11,4
DA:13,3
DA:18,1
DA:19,2
DA:21,1
DA:22,1
DA:29,1
DA:32,2
DA:34,1
DA:35,6
DA:38,1
DA:41,1
DA:42,0
DA:43,0
DA:46,0
DA:47,0
DA:50,0
DA:52,1
DA:53,0
DA:54,0
DA:55,0
DA:58,1
DA:60,1
DA:61,0
DA:62,0
DA:69,0
DA:71,0
DA:74,0
DA:78,1
DA:79,0
DA:80,0
LF:35
LH:19
BRDA:6,0,0,0
BRDA:13,1,0,2
BRDA:13,1,1,1
BRDA:19,2,0,1
BRDA:32,3,0,1
BRDA:32,4,0,2
BRDA:32,4,1,1
BRDA:42,5,0,0
BRDA:50,6,0,0
BRDA:50,6,1,0
BRF:10
BRH:6
end_of_record
