TN:
SF:components/pages/equines/new-training-session/NewTrainingSessionDate.tsx
FN:19,(anonymous_2)
FN:25,(anonymous_3)
FN:34,(anonymous_4)
FN:52,(anonymous_5)
FN:58,(anonymous_6)
FNF:5
FNH:3
FNDA:1,(anonymous_2)
FNDA:1,(anonymous_3)
FNDA:0,(anonymous_4)
FNDA:1,(anonymous_5)
FNDA:0,(anonymous_6)
DA:1,1
DA:5,1
DA:7,1
DA:8,1
DA:9,1
DA:11,1
DA:12,1
DA:14,1
DA:15,1
DA:16,1
DA:17,1
DA:19,1
DA:23,1
DA:25,1
DA:26,1
DA:27,1
DA:34,1
DA:35,0
DA:41,1
DA:52,1
DA:58,0
DA:67,1
LF:22
LH:20
BRDA:26,0,0,1
BRF:1
BRH:1
end_of_record
TN:
SF:components/pages/equines/new-training-session/NewTrainingSessionEnvironment.tsx
FN:13,(anonymous_2)
FN:23,(anonymous_3)
FN:31,(anonymous_4)
FN:34,(anonymous_5)
FN:45,(anonymous_6)
FN:57,(anonymous_7)
FNF:6
FNH:2
FNDA:3,(anonymous_2)
FNDA:1,(anonymous_3)
FNDA:0,(anonymous_4)
FNDA:0,(anonymous_5)
FNDA:0,(anonymous_6)
FNDA:0,(anonymous_7)
DA:1,1
DA:5,1
DA:6,1
DA:7,1
DA:8,1
DA:10,1
DA:11,1
DA:13,1
DA:17,3
DA:19,3
DA:21,3
DA:23,3
DA:24,1
DA:31,3
DA:32,0
DA:33,0
DA:34,0
DA:36,0
DA:42,3
DA:45,0
DA:57,0
DA:66,1
LF:22
LH:16
BRDA:25,0,0,1
BRDA:25,0,1,0
BRF:2
BRH:1
end_of_record
TN:
SF:utils/reducers/trainingSessionReducer.tsx
FN:20,(anonymous_1)
FN:49,skillTrainingSessionReducer
FN:170,(anonymous_3)
FN:173,(anonymous_4)
FN:185,useNewSkillTrainingSession
FNF:5
FNH:2
FNDA:1,(anonymous_1)
FNDA:0,skillTrainingSessionReducer
FNDA:1,(anonymous_3)
FNDA:0,(anonymous_4)
FNDA:0,useNewSkillTrainingSession
DA:2,1
DA:20,1
DA:40,1
DA:49,1
DA:53,0
DA:55,0
DA:60,0
DA:65,0
DA:70,0
DA:75,0
DA:83,0
DA:91,0
DA:99,0
DA:107,0
DA:115,0
DA:123,0
DA:131,0
DA:137,0
DA:141,1
DA:157,1
DA:168,1
DA:170,1
DA:173,1
DA:174,0
DA:178,0
DA:185,1
DA:186,0
DA:187,0
DA:188,0
DA:192,0
LF:30
LH:10
BRDA:20,0,0,1
BRDA:20,0,1,1
BRDA:53,1,0,0
BRDA:53,1,1,0
BRDA:53,1,2,0
BRDA:53,1,3,0
BRDA:53,1,4,0
BRDA:53,1,5,0
BRDA:53,1,6,0
BRDA:53,1,7,0
BRDA:53,1,8,0
BRDA:53,1,9,0
BRDA:53,1,10,0
BRDA:53,1,11,0
BRDA:53,1,12,0
BRDA:187,2,0,0
BRF:16
BRH:2
end_of_record
